This file contains any messages produced by compilers while
running configure, to aid debugging if configure makes a mistake.

It was created by configure, which was
generated by GNU Autoconf 2.59.  Invocation command line was

  $ ./configure --no-create --no-recursion

## --------- ##
## Platform. ##
## --------- ##

hostname = Jennifer
uname -m = x86_64
uname -r = 2.6.14-1.1637_FC4
uname -s = Linux
uname -v = #1 Wed Nov 9 19:01:56 EST 2005

/usr/bin/uname -p = unknown
/bin/uname -X     = unknown

/bin/arch              = x86_64
/usr/bin/arch -k       = unknown
/usr/convex/getsysinfo = unknown
hostinfo               = unknown
/bin/machine           = unknown
/usr/bin/oslevel       = unknown
/bin/universe          = unknown

PATH: /usr/kerberos/bin
PATH: /usr/local/bin
PATH: /bin
PATH: /usr/bin
PATH: /usr/X11R6/bin
PATH: /home/dpalm/bin


## ----------- ##
## Core tests. ##
## ----------- ##

configure:1539: checking for a BSD-compatible install
configure:1594: result: /usr/bin/install -c
configure:1605: checking whether build environment is sane
configure:1648: result: yes
configure:1713: checking for gawk
configure:1729: found /bin/gawk
configure:1739: result: gawk
configure:1749: checking whether make sets $(MAKE)
configure:1769: result: yes
configure:1991: checking for g++
configure:2007: found /usr/bin/g++
configure:2017: result: g++
configure:2033: checking for C++ compiler version
configure:2036: g++ --version </dev/null >&5
g++ (GCC) 4.0.1 20050727 (Red Hat 4.0.1-5)
Copyright (C) 2005 Free Software Foundation, Inc.
This is free software; see the source for copying conditions.  There is NO
warranty; not even for MERCHANTABILITY or FITNESS FOR A PARTICULAR PURPOSE.

configure:2039: $? = 0
configure:2041: g++ -v </dev/null >&5
Using built-in specs.
Target: x86_64-redhat-linux
Configured with: ../configure --prefix=/usr --mandir=/usr/share/man --infodir=/usr/share/info --enable-shared --enable-threads=posix --enable-checking=release --with-system-zlib --enable-__cxa_atexit --disable-libunwind-exceptions --enable-libgcj-multifile --enable-languages=c,c++,objc,java,f95,ada --enable-java-awt=gtk --with-java-home=/usr/lib/jvm/java-1.4.2-gcj-1.4.2.0/jre --host=x86_64-redhat-linux
Thread model: posix
gcc version 4.0.1 20050727 (Red Hat 4.0.1-5)
configure:2044: $? = 0
configure:2046: g++ -V </dev/null >&5
g++: '-V' option must have argument
configure:2049: $? = 1
configure:2072: checking for C++ compiler default output file name
configure:2075: g++    conftest.cc  >&5
configure:2078: $? = 0
configure:2124: result: a.out
configure:2129: checking whether the C++ compiler works
configure:2135: ./a.out
configure:2138: $? = 0
configure:2155: result: yes
configure:2162: checking whether we are cross compiling
configure:2164: result: no
configure:2167: checking for suffix of executables
configure:2169: g++ -o conftest    conftest.cc  >&5
configure:2172: $? = 0
configure:2197: result: 
configure:2203: checking for suffix of object files
configure:2224: g++ -c   conftest.cc >&5
configure:2227: $? = 0
configure:2249: result: o
configure:2253: checking whether we are using the GNU C++ compiler
configure:2277: g++ -c   conftest.cc >&5
configure:2283: $? = 0
configure:2287: test -z 
			 || test ! -s conftest.err
configure:2290: $? = 0
configure:2293: test -s conftest.o
configure:2296: $? = 0
configure:2309: result: yes
configure:2315: checking whether g++ accepts -g
configure:2336: g++ -c -g  conftest.cc >&5
configure:2342: $? = 0
configure:2346: test -z 
			 || test ! -s conftest.err
configure:2349: $? = 0
configure:2352: test -s conftest.o
configure:2355: $? = 0
configure:2366: result: yes
configure:2408: g++ -c -g -O2  conftest.cc >&5
configure:2414: $? = 0
configure:2418: test -z 
			 || test ! -s conftest.err
configure:2421: $? = 0
configure:2424: test -s conftest.o
configure:2427: $? = 0
configure:2453: g++ -c -g -O2  conftest.cc >&5
conftest.cc: In function 'int main()':
conftest.cc:15: error: 'exit' was not declared in this scope
configure:2459: $? = 1
configure: failed program was:
| /* confdefs.h.  */
| 
| #define PACKAGE_NAME ""
| #define PACKAGE_TARNAME ""
| #define PACKAGE_VERSION ""
| #define PACKAGE_STRING ""
| #define PACKAGE_BUGREPORT ""
| #define PACKAGE "voidserver"
| #define VERSION "0.0.2.8"
| /* end confdefs.h.  */
| 
| int
| main ()
| {
| exit (42);
|   ;
|   return 0;
| }
configure:2408: g++ -c -g -O2  conftest.cc >&5
configure:2414: $? = 0
configure:2418: test -z 
			 || test ! -s conftest.err
configure:2421: $? = 0
configure:2424: test -s conftest.o
configure:2427: $? = 0
configure:2453: g++ -c -g -O2  conftest.cc >&5
configure:2459: $? = 0
configure:2463: test -z 
			 || test ! -s conftest.err
configure:2466: $? = 0
configure:2469: test -s conftest.o
configure:2472: $? = 0
configure:2506: checking for style of include used by make
configure:2534: result: GNU
configure:2562: checking dependency style of g++
configure:2652: result: gcc3
configure:2715: checking for gcc
configure:2731: found /usr/bin/gcc
configure:2741: result: gcc
configure:2985: checking for C compiler version
configure:2988: gcc --version </dev/null >&5
gcc (GCC) 4.0.1 20050727 (Red Hat 4.0.1-5)
Copyright (C) 2005 Free Software Foundation, Inc.
This is free software; see the source for copying conditions.  There is NO
warranty; not even for MERCHANTABILITY or FITNESS FOR A PARTICULAR PURPOSE.

configure:2991: $? = 0
configure:2993: gcc -v </dev/null >&5
Using built-in specs.
Target: x86_64-redhat-linux
Configured with: ../configure --prefix=/usr --mandir=/usr/share/man --infodir=/usr/share/info --enable-shared --enable-threads=posix --enable-checking=release --with-system-zlib --enable-__cxa_atexit --disable-libunwind-exceptions --enable-libgcj-multifile --enable-languages=c,c++,objc,java,f95,ada --enable-java-awt=gtk --with-java-home=/usr/lib/jvm/java-1.4.2-gcj-1.4.2.0/jre --host=x86_64-redhat-linux
Thread model: posix
gcc version 4.0.1 20050727 (Red Hat 4.0.1-5)
configure:2996: $? = 0
configure:2998: gcc -V </dev/null >&5
gcc: '-V' option must have argument
configure:3001: $? = 1
configure:3004: checking whether we are using the GNU C compiler
configure:3028: gcc -c   conftest.c >&5
configure:3034: $? = 0
configure:3038: test -z 
			 || test ! -s conftest.err
configure:3041: $? = 0
configure:3044: test -s conftest.o
configure:3047: $? = 0
configure:3060: result: yes
configure:3066: checking whether gcc accepts -g
configure:3087: gcc -c -g  conftest.c >&5
configure:3093: $? = 0
configure:3097: test -z 
			 || test ! -s conftest.err
configure:3100: $? = 0
configure:3103: test -s conftest.o
configure:3106: $? = 0
configure:3117: result: yes
configure:3134: checking for gcc option to accept ANSI C
configure:3204: gcc  -c -g -O2  conftest.c >&5
configure:3210: $? = 0
configure:3214: test -z 
			 || test ! -s conftest.err
configure:3217: $? = 0
configure:3220: test -s conftest.o
configure:3223: $? = 0
configure:3241: result: none needed
configure:3259: gcc -c -g -O2  conftest.c >&5
conftest.c:2: error: syntax error before 'me'
configure:3265: $? = 1
configure: failed program was:
| #ifndef __cplusplus
|   choke me
| #endif
configure:3400: checking dependency style of gcc
configure:3490: result: gcc3
configure:3512: checking how to run the C preprocessor
configure:3547: gcc -E  conftest.c
configure:3553: $? = 0
configure:3585: gcc -E  conftest.c
conftest.c:14:28: error: ac_nonexistent.h: No such file or directory
configure:3591: $? = 1
configure: failed program was:
| /* confdefs.h.  */
| 
| #define PACKAGE_NAME ""
| #define PACKAGE_TARNAME ""
| #define PACKAGE_VERSION ""
| #define PACKAGE_STRING ""
| #define PACKAGE_BUGREPORT ""
| #define PACKAGE "voidserver"
| #define VERSION "0.0.2.8"
| #ifdef __cplusplus
| extern "C" void std::exit (int) throw (); using std::exit;
| #endif
| /* end confdefs.h.  */
| #include <ac_nonexistent.h>
configure:3630: result: gcc -E
configure:3654: gcc -E  conftest.c
configure:3660: $? = 0
configure:3692: gcc -E  conftest.c
conftest.c:14:28: error: ac_nonexistent.h: No such file or directory
configure:3698: $? = 1
configure: failed program was:
| /* confdefs.h.  */
| 
| #define PACKAGE_NAME ""
| #define PACKAGE_TARNAME ""
| #define PACKAGE_VERSION ""
| #define PACKAGE_STRING ""
| #define PACKAGE_BUGREPORT ""
| #define PACKAGE "voidserver"
| #define VERSION "0.0.2.8"
| #ifdef __cplusplus
| extern "C" void std::exit (int) throw (); using std::exit;
| #endif
| /* end confdefs.h.  */
| #include <ac_nonexistent.h>
configure:3754: checking for a BSD-compatible install
configure:3809: result: /usr/bin/install -c
configure:3820: checking whether ln -s works
configure:3824: result: yes
configure:3831: checking whether make sets $(MAKE)
configure:3851: result: yes
configure:3938: checking build system type
configure:3956: result: x86_64-redhat-linux-gnu
configure:3964: checking host system type
configure:3978: result: x86_64-redhat-linux-gnu
configure:3986: checking for a sed that does not truncate output
configure:4040: result: /bin/sed
configure:4043: checking for egrep
configure:4053: result: grep -E
configure:4069: checking for ld used by gcc
configure:4136: result: /usr/bin/ld
configure:4145: checking if the linker (/usr/bin/ld) is GNU ld
configure:4160: result: yes
configure:4165: checking for /usr/bin/ld option to reload object files
configure:4172: result: -r
configure:4190: checking for BSD-compatible nm
configure:4232: result: /usr/bin/nm -B
configure:4236: checking how to recognise dependent libraries
configure:4408: result: pass_all
configure:4493: gcc -c -g -O2  conftest.c >&5
configure:4496: $? = 0
configure:4618: checking for ANSI C header files
configure:4643: gcc -c -g -O2  conftest.c >&5
configure:4649: $? = 0
configure:4653: test -z 
			 || test ! -s conftest.err
configure:4656: $? = 0
configure:4659: test -s conftest.o
configure:4662: $? = 0
configure:4751: gcc -o conftest -g -O2   conftest.c  >&5
conftest.c: In function 'main':
conftest.c:31: warning: incompatible implicit declaration of built-in function 'exit'
configure:4754: $? = 0
configure:4756: ./conftest
configure:4759: $? = 0
configure:4774: result: yes
configure:4798: checking for sys/types.h
configure:4814: gcc -c -g -O2  conftest.c >&5
configure:4820: $? = 0
configure:4824: test -z 
			 || test ! -s conftest.err
configure:4827: $? = 0
configure:4830: test -s conftest.o
configure:4833: $? = 0
configure:4844: result: yes
configure:4798: checking for sys/stat.h
configure:4814: gcc -c -g -O2  conftest.c >&5
configure:4820: $? = 0
configure:4824: test -z 
			 || test ! -s conftest.err
configure:4827: $? = 0
configure:4830: test -s conftest.o
configure:4833: $? = 0
configure:4844: result: yes
configure:4798: checking for stdlib.h
configure:4814: gcc -c -g -O2  conftest.c >&5
configure:4820: $? = 0
configure:4824: test -z 
			 || test ! -s conftest.err
configure:4827: $? = 0
configure:4830: test -s conftest.o
configure:4833: $? = 0
configure:4844: result: yes
configure:4798: checking for string.h
configure:4814: gcc -c -g -O2  conftest.c >&5
configure:4820: $? = 0
configure:4824: test -z 
			 || test ! -s conftest.err
configure:4827: $? = 0
configure:4830: test -s conftest.o
configure:4833: $? = 0
configure:4844: result: yes
configure:4798: checking for memory.h
configure:4814: gcc -c -g -O2  conftest.c >&5
configure:4820: $? = 0
configure:4824: test -z 
			 || test ! -s conftest.err
configure:4827: $? = 0
configure:4830: test -s conftest.o
configure:4833: $? = 0
configure:4844: result: yes
configure:4798: checking for strings.h
configure:4814: gcc -c -g -O2  conftest.c >&5
configure:4820: $? = 0
configure:4824: test -z 
			 || test ! -s conftest.err
configure:4827: $? = 0
configure:4830: test -s conftest.o
configure:4833: $? = 0
configure:4844: result: yes
configure:4798: checking for inttypes.h
configure:4814: gcc -c -g -O2  conftest.c >&5
configure:4820: $? = 0
configure:4824: test -z 
			 || test ! -s conftest.err
configure:4827: $? = 0
configure:4830: test -s conftest.o
configure:4833: $? = 0
configure:4844: result: yes
configure:4798: checking for stdint.h
configure:4814: gcc -c -g -O2  conftest.c >&5
configure:4820: $? = 0
configure:4824: test -z 
			 || test ! -s conftest.err
configure:4827: $? = 0
configure:4830: test -s conftest.o
configure:4833: $? = 0
configure:4844: result: yes
configure:4798: checking for unistd.h
configure:4814: gcc -c -g -O2  conftest.c >&5
configure:4820: $? = 0
configure:4824: test -z 
			 || test ! -s conftest.err
configure:4827: $? = 0
configure:4830: test -s conftest.o
configure:4833: $? = 0
configure:4844: result: yes
configure:4870: checking dlfcn.h usability
configure:4882: gcc -c -g -O2  conftest.c >&5
configure:4888: $? = 0
configure:4892: test -z 
			 || test ! -s conftest.err
configure:4895: $? = 0
configure:4898: test -s conftest.o
configure:4901: $? = 0
configure:4911: result: yes
configure:4915: checking dlfcn.h presence
configure:4925: gcc -E  conftest.c
configure:4931: $? = 0
configure:4951: result: yes
configure:4986: checking for dlfcn.h
configure:4993: result: yes
configure:5016: checking how to run the C++ preprocessor
configure:5047: g++ -E  conftest.cc
configure:5053: $? = 0
configure:5085: g++ -E  conftest.cc
conftest.cc:25:28: error: ac_nonexistent.h: No such file or directory
configure:5091: $? = 1
configure: failed program was:
| /* confdefs.h.  */
| 
| #define PACKAGE_NAME ""
| #define PACKAGE_TARNAME ""
| #define PACKAGE_VERSION ""
| #define PACKAGE_STRING ""
| #define PACKAGE_BUGREPORT ""
| #define PACKAGE "voidserver"
| #define VERSION "0.0.2.8"
| #ifdef __cplusplus
| extern "C" void std::exit (int) throw (); using std::exit;
| #endif
| #define STDC_HEADERS 1
| #define HAVE_SYS_TYPES_H 1
| #define HAVE_SYS_STAT_H 1
| #define HAVE_STDLIB_H 1
| #define HAVE_STRING_H 1
| #define HAVE_MEMORY_H 1
| #define HAVE_STRINGS_H 1
| #define HAVE_INTTYPES_H 1
| #define HAVE_STDINT_H 1
| #define HAVE_UNISTD_H 1
| #define HAVE_DLFCN_H 1
| /* end confdefs.h.  */
| #include <ac_nonexistent.h>
configure:5130: result: g++ -E
configure:5154: g++ -E  conftest.cc
configure:5160: $? = 0
configure:5192: g++ -E  conftest.cc
conftest.cc:25:28: error: ac_nonexistent.h: No such file or directory
configure:5198: $? = 1
configure: failed program was:
| /* confdefs.h.  */
| 
| #define PACKAGE_NAME ""
| #define PACKAGE_TARNAME ""
| #define PACKAGE_VERSION ""
| #define PACKAGE_STRING ""
| #define PACKAGE_BUGREPORT ""
| #define PACKAGE "voidserver"
| #define VERSION "0.0.2.8"
| #ifdef __cplusplus
| extern "C" void std::exit (int) throw (); using std::exit;
| #endif
| #define STDC_HEADERS 1
| #define HAVE_SYS_TYPES_H 1
| #define HAVE_SYS_STAT_H 1
| #define HAVE_STDLIB_H 1
| #define HAVE_STRING_H 1
| #define HAVE_MEMORY_H 1
| #define HAVE_STRINGS_H 1
| #define HAVE_INTTYPES_H 1
| #define HAVE_STDINT_H 1
| #define HAVE_UNISTD_H 1
| #define HAVE_DLFCN_H 1
| /* end confdefs.h.  */
| #include <ac_nonexistent.h>
configure:5295: checking for g77
configure:5311: found /usr/bin/g77
configure:5321: result: g77
configure:5336: checking for Fortran 77 compiler version
configure:5339: g77 --version </dev/null >&5
GNU Fortran (GCC 3.2.3 20030502 (Red Hat Linux 3.2.3-47.fc4)) 3.2.3 20030502 (Red Hat Linux 3.2.3-13)
Copyright (C) 2002 Free Software Foundation, Inc.

GNU Fortran comes with NO WARRANTY, to the extent permitted by law.
You may redistribute copies of GNU Fortran
under the terms of the GNU General Public License.
For more information about these matters, see the file named COPYING
or type the command `info -f g77 Copying'.
configure:5342: $? = 0
configure:5344: g77 -v </dev/null >&5
Reading specs from /usr/lib/gcc-lib/x86_64-redhat-linux/3.2.3/specs
Configured with: ../configure --prefix=/usr --mandir=/usr/share/man --infodir=/usr/share/info --enable-shared --enable-threads=posix --disable-checking --with-system-zlib --enable-__cxa_atexit --enable-languages=c,c++,f77 --disable-libgcj --host=x86_64-redhat-linux
Thread model: posix
gcc version 3.2.3 20030502 (Red Hat Linux 3.2.3-47.fc4)
configure:5347: $? = 0
configure:5349: g77 -V </dev/null >&5
g77: argument to `-V' missing
configure:5352: $? = 1
configure:5360: checking whether we are using the GNU Fortran 77 compiler
configure:5374: g77 -c  conftest.F >&5
configure:5380: $? = 0
configure:5384: test -z 
			 || test ! -s conftest.err
configure:5387: $? = 0
configure:5390: test -s conftest.o
configure:5393: $? = 0
configure:5406: result: yes
configure:5412: checking whether g77 accepts -g
configure:5424: g77 -c -g conftest.f >&5
configure:5430: $? = 0
configure:5434: test -z 
			 || test ! -s conftest.err
configure:5437: $? = 0
configure:5440: test -s conftest.o
configure:5443: $? = 0
configure:5455: result: yes
configure:5485: checking the maximum length of command line arguments
configure:5577: result: 32768
configure:5588: checking command to parse /usr/bin/nm -B output from gcc object
configure:5684: gcc -c -g -O2  conftest.c >&5
configure:5687: $? = 0
configure:5691: /usr/bin/nm -B conftest.o \| sed -n -e 's/^.*[ 	]\([ABCDGIRSTW][ABCDGIRSTW]*\)[ 	][ 	]*\([_A-Za-z][_A-Za-z0-9]*\)$/\1 \2 \2/p' \> conftest.nm
configure:5694: $? = 0
configure:5746: gcc -o conftest -g -O2   conftest.c conftstm.o >&5
configure:5749: $? = 0
configure:5787: result: ok
configure:5791: checking for objdir
configure:5806: result: .libs
configure:5896: checking for ar
configure:5912: found /usr/bin/ar
configure:5923: result: ar
configure:5976: checking for ranlib
configure:5992: found /usr/bin/ranlib
configure:6003: result: ranlib
configure:6056: checking for strip
configure:6072: found /usr/bin/strip
configure:6083: result: strip
configure:6370: checking if gcc static flag  works
configure:6398: result: yes
configure:6416: checking if gcc supports -fno-rtti -fno-exceptions
configure:6434: gcc -c -g -O2  -fno-rtti -fno-exceptions conftest.c >&5
cc1: warning: command line option "-fno-rtti" is valid for C++/ObjC++ but not for C
configure:6438: $? = 0
configure:6451: result: no
configure:6466: checking for gcc option to produce PIC
configure:6670: result: -fPIC
configure:6678: checking if gcc PIC flag -fPIC works
configure:6696: gcc -c -g -O2  -fPIC -DPIC conftest.c >&5
configure:6700: $? = 0
configure:6713: result: yes
configure:6737: checking if gcc supports -c -o file.o
configure:6758: gcc -c -g -O2  -o out/conftest2.o conftest.c >&5
configure:6762: $? = 0
configure:6784: result: yes
configure:6810: checking whether the gcc linker (/usr/bin/ld -m elf_x86_64) supports shared libraries
configure:7705: result: yes
configure:7731: checking whether -lc should be explicitly linked in
configure:7736: gcc -c -g -O2  conftest.c >&5
configure:7739: $? = 0
configure:7753: gcc -shared conftest.o  -v -Wl,-soname -Wl,conftest -o conftest 2\>\&1 \| grep  -lc  \>/dev/null 2\>\&1
configure:7756: $? = 0
configure:7768: result: no
configure:7776: checking dynamic linker characteristics
configure:8144: gcc -c -g -O2  conftest.c >&5
configure:8147: $? = 0
configure:8339: result: GNU/Linux ld.so
configure:8343: checking how to hardcode library paths into programs
configure:8368: result: immediate
configure:8382: checking whether stripping libraries is possible
configure:8387: result: yes
configure:9217: checking if libtool supports shared libraries
configure:9219: result: yes
configure:9222: checking whether to build shared libraries
configure:9243: result: yes
configure:9246: checking whether to build static libraries
configure:9250: result: yes
configure:9342: creating libtool
configure:9920: checking for ld used by g++
configure:9987: result: /usr/bin/ld -m elf_x86_64
configure:9996: checking if the linker (/usr/bin/ld -m elf_x86_64) is GNU ld
configure:10011: result: yes
configure:10062: checking whether the g++ linker (/usr/bin/ld -m elf_x86_64) supports shared libraries
configure:10949: result: yes
configure:10967: g++ -c -g -O2  conftest.cc >&5
configure:10970: $? = 0
configure:11066: checking for g++ option to produce PIC
configure:11334: result: -fPIC
configure:11342: checking if g++ PIC flag -fPIC works
configure:11360: g++ -c -g -O2  -fPIC -DPIC conftest.cc >&5
configure:11364: $? = 0
configure:11377: result: yes
configure:11401: checking if g++ supports -c -o file.o
configure:11422: g++ -c -g -O2  -o out/conftest2.o conftest.cc >&5
configure:11426: $? = 0
configure:11448: result: yes
configure:11474: checking whether the g++ linker (/usr/bin/ld -m elf_x86_64) supports shared libraries
configure:11499: result: yes
configure:11570: checking dynamic linker characteristics
configure:11938: g++ -c -g -O2  conftest.cc >&5
configure:11941: $? = 0
configure:12133: result: GNU/Linux ld.so
configure:12137: checking how to hardcode library paths into programs
configure:12162: result: immediate
configure:12176: checking whether stripping libraries is possible
configure:12181: result: yes
configure:13517: checking if libtool supports shared libraries
configure:13519: result: yes
configure:13522: checking whether to build shared libraries
configure:13542: result: yes
configure:13545: checking whether to build static libraries
configure:13549: result: yes
configure:13561: checking for g77 option to produce PIC
configure:13765: result: -fPIC
configure:13773: checking if g77 PIC flag -fPIC works
configure:13791: g77 -c -g -O2 -fPIC conftest.f >&5
configure:13795: $? = 0
configure:13808: result: yes
configure:13832: checking if g77 supports -c -o file.o
configure:13853: g77 -c -g -O2 -o out/conftest2.o conftest.f >&5
configure:13857: $? = 0
configure:13879: result: yes
configure:13905: checking whether the g77 linker (/usr/bin/ld -m elf_x86_64) supports shared libraries
configure:14780: result: yes
configure:14851: checking dynamic linker characteristics
configure:15219: g77 -c -g -O2 conftest.f >&5
configure:15222: $? = 0
configure:15414: result: GNU/Linux ld.so
configure:15418: checking how to hardcode library paths into programs
configure:15443: result: immediate
configure:15457: checking whether stripping libraries is possible
configure:15462: result: yes
configure:19723: checking for PQexec in -lpq
configure:19753: gcc -o conftest -g -O2   conftest.c -lpq   >&5
/usr/bin/ld: cannot find -lpq
collect2: ld returned 1 exit status
configure:19759: $? = 1
configure: failed program was:
| /* confdefs.h.  */
| 
| #define PACKAGE_NAME ""
| #define PACKAGE_TARNAME ""
| #define PACKAGE_VERSION ""
| #define PACKAGE_STRING ""
| #define PACKAGE_BUGREPORT ""
| #define PACKAGE "voidserver"
| #define VERSION "0.0.2.8"
| #ifdef __cplusplus
| extern "C" void std::exit (int) throw (); using std::exit;
| #endif
| #define STDC_HEADERS 1
| #define HAVE_SYS_TYPES_H 1
| #define HAVE_SYS_STAT_H 1
| #define HAVE_STDLIB_H 1
| #define HAVE_STRING_H 1
| #define HAVE_MEMORY_H 1
| #define HAVE_STRINGS_H 1
| #define HAVE_INTTYPES_H 1
| #define HAVE_STDINT_H 1
| #define HAVE_UNISTD_H 1
| #define HAVE_DLFCN_H 1
| /* end confdefs.h.  */
| 
| /* Override any gcc2 internal prototype to avoid an error.  */
| #ifdef __cplusplus
| extern "C"
| #endif
| /* We use char because int might match the return type of a gcc2
|    builtin and then its argument prototype would still apply.  */
| char PQexec ();
| int
| main ()
| {
| PQexec ();
|   ;
|   return 0;
| }
configure:19785: result: no
configure:19798: checking for ANSI C header files
configure:19954: result: yes
configure:19983: checking arpa/inet.h usability
configure:19995: gcc -c -g -O2  conftest.c >&5
configure:20001: $? = 0
configure:20005: test -z 
			 || test ! -s conftest.err
configure:20008: $? = 0
configure:20011: test -s conftest.o
configure:20014: $? = 0
configure:20024: result: yes
configure:20028: checking arpa/inet.h presence
configure:20038: gcc -E  conftest.c
configure:20044: $? = 0
configure:20064: result: yes
configure:20099: checking for arpa/inet.h
configure:20106: result: yes
configure:19983: checking netdb.h usability
configure:19995: gcc -c -g -O2  conftest.c >&5
configure:20001: $? = 0
configure:20005: test -z 
			 || test ! -s conftest.err
configure:20008: $? = 0
configure:20011: test -s conftest.o
configure:20014: $? = 0
configure:20024: result: yes
configure:20028: checking netdb.h presence
configure:20038: gcc -E  conftest.c
configure:20044: $? = 0
configure:20064: result: yes
configure:20099: checking for netdb.h
configure:20106: result: yes
configure:19974: checking for stdlib.h
configure:19979: result: yes
configure:19974: checking for string.h
configure:19979: result: yes
configure:19983: checking sys/socket.h usability
configure:19995: gcc -c -g -O2  conftest.c >&5
configure:20001: $? = 0
configure:20005: test -z 
			 || test ! -s conftest.err
configure:20008: $? = 0
configure:20011: test -s conftest.o
configure:20014: $? = 0
configure:20024: result: yes
configure:20028: checking sys/socket.h presence
configure:20038: gcc -E  conftest.c
configure:20044: $? = 0
configure:20064: result: yes
configure:20099: checking for sys/socket.h
configure:20106: result: yes
configure:19974: checking for unistd.h
configure:19979: result: yes
configure:20121: checking for stdbool.h that conforms to C99
configure:20174: gcc -c -g -O2  conftest.c >&5
configure:20180: $? = 0
configure:20184: test -z 
			 || test ! -s conftest.err
configure:20187: $? = 0
configure:20190: test -s conftest.o
configure:20193: $? = 0
configure:20204: result: yes
configure:20206: checking for _Bool
configure:20230: gcc -c -g -O2  conftest.c >&5
configure:20236: $? = 0
configure:20240: test -z 
			 || test ! -s conftest.err
configure:20243: $? = 0
configure:20246: test -s conftest.o
configure:20249: $? = 0
configure:20260: result: yes
configure:20279: checking for an ANSI C-conforming const
configure:20346: gcc -c -g -O2  conftest.c >&5
configure:20352: $? = 0
configure:20356: test -z 
			 || test ! -s conftest.err
configure:20359: $? = 0
configure:20362: test -s conftest.o
configure:20365: $? = 0
configure:20376: result: yes
configure:20403: checking sys/select.h usability
configure:20415: gcc -c -g -O2  conftest.c >&5
configure:20421: $? = 0
configure:20425: test -z 
			 || test ! -s conftest.err
configure:20428: $? = 0
configure:20431: test -s conftest.o
configure:20434: $? = 0
configure:20444: result: yes
configure:20448: checking sys/select.h presence
configure:20458: gcc -E  conftest.c
configure:20464: $? = 0
configure:20484: result: yes
configure:20519: checking for sys/select.h
configure:20526: result: yes
configure:20394: checking for sys/socket.h
configure:20399: result: yes
configure:20539: checking types of arguments for select
configure:20572: gcc -c -g -O2  conftest.c >&5
configure:20578: $? = 0
configure:20582: test -z 
			 || test ! -s conftest.err
configure:20585: $? = 0
configure:20588: test -s conftest.o
configure:20591: $? = 0
configure:20607: result: int,fd_set *,struct timeval *
configure:20630: checking return type of signal handlers
configure:20661: gcc -c -g -O2  conftest.c >&5
configure:20667: $? = 0
configure:20671: test -z 
			 || test ! -s conftest.err
configure:20674: $? = 0
configure:20677: test -s conftest.o
configure:20680: $? = 0
configure:20691: result: void
configure:20707: checking for gethostbyname
configure:20764: gcc -o conftest -g -O2   conftest.c  >&5
configure:20770: $? = 0
configure:20774: test -z 
			 || test ! -s conftest.err
configure:20777: $? = 0
configure:20780: test -s conftest
configure:20783: $? = 0
configure:20795: result: yes
configure:20707: checking for inet_ntoa
configure:20764: gcc -o conftest -g -O2   conftest.c  >&5
configure:20770: $? = 0
configure:20774: test -z 
			 || test ! -s conftest.err
configure:20777: $? = 0
configure:20780: test -s conftest
configure:20783: $? = 0
configure:20795: result: yes
configure:20707: checking for memset
configure:20764: gcc -o conftest -g -O2   conftest.c  >&5
conftest.c:66: warning: conflicting types for built-in function 'memset'
configure:20770: $? = 0
configure:20774: test -z 
			 || test ! -s conftest.err
configure:20777: $? = 0
configure:20780: test -s conftest
configure:20783: $? = 0
configure:20795: result: yes
configure:20707: checking for select
configure:20764: gcc -o conftest -g -O2   conftest.c  >&5
configure:20770: $? = 0
configure:20774: test -z 
			 || test ! -s conftest.err
configure:20777: $? = 0
configure:20780: test -s conftest
configure:20783: $? = 0
configure:20795: result: yes
configure:20707: checking for socket
configure:20764: gcc -o conftest -g -O2   conftest.c  >&5
configure:20770: $? = 0
configure:20774: test -z 
			 || test ! -s conftest.err
configure:20777: $? = 0
configure:20780: test -s conftest
configure:20783: $? = 0
configure:20795: result: yes
configure:20955: creating ./config.status

## ---------------- ##
## Cache variables. ##
## ---------------- ##

ac_cv_build=x86_64-redhat-linux-gnu
ac_cv_build_alias=x86_64-redhat-linux-gnu
ac_cv_c_compiler_gnu=yes
ac_cv_c_const=yes
ac_cv_cxx_compiler_gnu=yes
ac_cv_env_CC_set=
ac_cv_env_CC_value=
ac_cv_env_CFLAGS_set=
ac_cv_env_CFLAGS_value=
ac_cv_env_CPPFLAGS_set=
ac_cv_env_CPPFLAGS_value=
ac_cv_env_CPP_set=
ac_cv_env_CPP_value=
ac_cv_env_CXXCPP_set=
ac_cv_env_CXXCPP_value=
ac_cv_env_CXXFLAGS_set=
ac_cv_env_CXXFLAGS_value=
ac_cv_env_CXX_set=
ac_cv_env_CXX_value=
ac_cv_env_F77_set=
ac_cv_env_F77_value=
ac_cv_env_FFLAGS_set=
ac_cv_env_FFLAGS_value=
ac_cv_env_LDFLAGS_set=
ac_cv_env_LDFLAGS_value=
ac_cv_env_build_alias_set=
ac_cv_env_build_alias_value=
ac_cv_env_host_alias_set=
ac_cv_env_host_alias_value=
ac_cv_env_target_alias_set=
ac_cv_env_target_alias_value=
ac_cv_exeext=
ac_cv_f77_compiler_gnu=yes
ac_cv_func_gethostbyname=yes
ac_cv_func_inet_ntoa=yes
ac_cv_func_memset=yes
ac_cv_func_select=yes
ac_cv_func_select_args='int,fd_set *,struct timeval *'
ac_cv_func_socket=yes
ac_cv_header_arpa_inet_h=yes
ac_cv_header_dlfcn_h=yes
ac_cv_header_inttypes_h=yes
ac_cv_header_memory_h=yes
ac_cv_header_netdb_h=yes
ac_cv_header_stdbool_h=yes
ac_cv_header_stdc=yes
ac_cv_header_stdint_h=yes
ac_cv_header_stdlib_h=yes
ac_cv_header_string_h=yes
ac_cv_header_strings_h=yes
ac_cv_header_sys_select_h=yes
ac_cv_header_sys_socket_h=yes
ac_cv_header_sys_stat_h=yes
ac_cv_header_sys_types_h=yes
ac_cv_header_unistd_h=yes
ac_cv_host=x86_64-redhat-linux-gnu
ac_cv_host_alias=x86_64-redhat-linux-gnu
ac_cv_lib_pq_PQexec=no
ac_cv_objext=o
ac_cv_path_install='/usr/bin/install -c'
ac_cv_prog_AWK=gawk
ac_cv_prog_CPP='gcc -E'
ac_cv_prog_CXXCPP='g++ -E'
ac_cv_prog_ac_ct_AR=ar
ac_cv_prog_ac_ct_CC=gcc
ac_cv_prog_ac_ct_CXX=g++
ac_cv_prog_ac_ct_F77=g77
ac_cv_prog_ac_ct_RANLIB=ranlib
ac_cv_prog_ac_ct_STRIP=strip
ac_cv_prog_cc_g=yes
ac_cv_prog_cc_stdc=
ac_cv_prog_cxx_g=yes
ac_cv_prog_egrep='grep -E'
ac_cv_prog_f77_g=yes
ac_cv_prog_make_make_set=yes
ac_cv_type__Bool=yes
ac_cv_type_signal=void
am_cv_CC_dependencies_compiler_type=gcc3
am_cv_CXX_dependencies_compiler_type=gcc3
lt_cv_deplibs_check_method=pass_all
lt_cv_file_magic_cmd='$MAGIC_CMD'
lt_cv_file_magic_test_file=
lt_cv_ld_reload_flag=-r
lt_cv_objdir=.libs
lt_cv_path_LD=/usr/bin/ld
lt_cv_path_LDCXX='/usr/bin/ld -m elf_x86_64'
lt_cv_path_NM='/usr/bin/nm -B'
lt_cv_path_SED=/bin/sed
lt_cv_prog_compiler_c_o=yes
lt_cv_prog_compiler_c_o_CXX=yes
lt_cv_prog_compiler_c_o_F77=yes
lt_cv_prog_compiler_rtti_exceptions=no
lt_cv_prog_gnu_ld=yes
lt_cv_prog_gnu_ldcxx=yes
lt_cv_sys_global_symbol_pipe='sed -n -e '\''s/^.*[ 	]\([ABCDGIRSTW][ABCDGIRSTW]*\)[ 	][ 	]*\([_A-Za-z][_A-Za-z0-9]*\)$/\1 \2 \2/p'\'''
lt_cv_sys_global_symbol_to_c_name_address='sed -n -e '\''s/^: \([^ ]*\) $/  {\"\1\", (lt_ptr) 0},/p'\'' -e '\''s/^[BCDEGRST] \([^ ]*\) \([^ ]*\)$/  {"\2", (lt_ptr) \&\2},/p'\'''
lt_cv_sys_global_symbol_to_cdecl='sed -n -e '\''s/^. .* \(.*\)$/extern int \1;/p'\'''
lt_cv_sys_max_cmd_len=32768
lt_lt_cv_prog_compiler_c_o='"yes"'
lt_lt_cv_prog_compiler_c_o_CXX='"yes"'
lt_lt_cv_prog_compiler_c_o_F77='"yes"'
lt_lt_cv_sys_global_symbol_pipe='"sed -n -e '\''s/^.*[ 	]\\([ABCDGIRSTW][ABCDGIRSTW]*\\)[ 	][ 	]*\\([_A-Za-z][_A-Za-z0-9]*\\)\$/\\1 \\2 \\2/p'\''"'
lt_lt_cv_sys_global_symbol_to_c_name_address='"sed -n -e '\''s/^: \\([^ ]*\\) \$/  {\\\"\\1\\\", (lt_ptr) 0},/p'\'' -e '\''s/^[BCDEGRST] \\([^ ]*\\) \\([^ ]*\\)\$/  {\"\\2\", (lt_ptr) \\&\\2},/p'\''"'
lt_lt_cv_sys_global_symbol_to_cdecl='"sed -n -e '\''s/^. .* \\(.*\\)\$/extern int \\1;/p'\''"'

## ----------------- ##
## Output variables. ##
## ----------------- ##

ACLOCAL='${SHELL} /home/dpalm/Projects/VoidServer/void_rev/missing --run aclocal-1.9'
AMDEPBACKSLASH='\'
AMDEP_FALSE='#'
AMDEP_TRUE=''
AMTAR='${SHELL} /home/dpalm/Projects/VoidServer/void_rev/missing --run tar'
AR='ar'
AUTOCONF='${SHELL} /home/dpalm/Projects/VoidServer/void_rev/missing --run autoconf'
AUTOHEADER='${SHELL} /home/dpalm/Projects/VoidServer/void_rev/missing --run autoheader'
AUTOMAKE='${SHELL} /home/dpalm/Projects/VoidServer/void_rev/missing --run automake-1.9'
AWK='gawk'
CC='gcc'
CCDEPMODE='depmode=gcc3'
CFLAGS='-g -O2'
CPP='gcc -E'
CPPFLAGS=''
CXX='g++'
CXXCPP='g++ -E'
CXXDEPMODE='depmode=gcc3'
CXXFLAGS='-g -O2'
CYGPATH_W='echo'
DEFS='-DPACKAGE_NAME=\"\" -DPACKAGE_TARNAME=\"\" -DPACKAGE_VERSION=\"\" -DPACKAGE_STRING=\"\" -DPACKAGE_BUGREPORT=\"\" -DPACKAGE=\"voidserver\" -DVERSION=\"0.0.2.8\" -DSTDC_HEADERS=1 -DHAVE_SYS_TYPES_H=1 -DHAVE_SYS_STAT_H=1 -DHAVE_STDLIB_H=1 -DHAVE_STRING_H=1 -DHAVE_MEMORY_H=1 -DHAVE_STRINGS_H=1 -DHAVE_INTTYPES_H=1 -DHAVE_STDINT_H=1 -DHAVE_UNISTD_H=1 -DHAVE_DLFCN_H=1 -DSTDC_HEADERS=1 -DHAVE_ARPA_INET_H=1 -DHAVE_NETDB_H=1 -DHAVE_STDLIB_H=1 -DHAVE_STRING_H=1 -DHAVE_SYS_SOCKET_H=1 -DHAVE_UNISTD_H=1 -DHAVE__BOOL=1 -DHAVE_STDBOOL_H=1 -DHAVE_SYS_SELECT_H=1 -DHAVE_SYS_SOCKET_H=1 -DSELECT_TYPE_ARG1=int -DSELECT_TYPE_ARG234=\(fd_set\ \*\) -DSELECT_TYPE_ARG5=\(struct\ timeval\ \*\) -DRETSIGTYPE=void -DHAVE_GETHOSTBYNAME=1 -DHAVE_INET_NTOA=1 -DHAVE_MEMSET=1 -DHAVE_SELECT=1 -DHAVE_SOCKET=1 '
DEPDIR='.deps'
ECHO='echo'
ECHO_C=''
ECHO_N='-n'
ECHO_T=''
EGREP='grep -E'
EXEEXT=''
F77='g77'
FFLAGS='-g -O2'
INSTALL_DATA='${INSTALL} -m 644'
INSTALL_PROGRAM='${INSTALL}'
INSTALL_SCRIPT='${INSTALL}'
INSTALL_STRIP_PROGRAM='${SHELL} $(install_sh) -c -s'
LDFLAGS=''
LIBOBJS=''
LIBS=''
LIBTOOL='$(SHELL) $(top_builddir)/libtool'
LN_S='ln -s'
LTLIBOBJS=''
MAKEINFO='${SHELL} /home/dpalm/Projects/VoidServer/void_rev/missing --run makeinfo'
OBJEXT='o'
PACKAGE='voidserver'
PACKAGE_BUGREPORT=''
PACKAGE_NAME=''
PACKAGE_STRING=''
PACKAGE_TARNAME=''
PACKAGE_VERSION=''
PATH_SEPARATOR=':'
RANLIB='ranlib'
SET_MAKE=''
SHELL='/bin/sh'
STRIP='strip'
VERSION='0.0.2.8'
ac_ct_AR='ar'
ac_ct_CC='gcc'
ac_ct_CXX='g++'
ac_ct_F77='g77'
ac_ct_RANLIB='ranlib'
ac_ct_STRIP='strip'
am__fastdepCC_FALSE='#'
am__fastdepCC_TRUE=''
am__fastdepCXX_FALSE='#'
am__fastdepCXX_TRUE=''
am__include='include'
am__leading_dot='.'
am__quote=''
am__tar='${AMTAR} chof - "$$tardir"'
am__untar='${AMTAR} xf -'
bindir='${exec_prefix}/bin'
build='x86_64-redhat-linux-gnu'
build_alias=''
build_cpu='x86_64'
build_os='linux-gnu'
build_vendor='redhat'
datadir='${prefix}/share'
exec_prefix='${prefix}'
host='x86_64-redhat-linux-gnu'
host_alias=''
host_cpu='x86_64'
host_os='linux-gnu'
host_vendor='redhat'
includedir='${prefix}/include'
infodir='${prefix}/info'
install_sh='/home/dpalm/Projects/VoidServer/void_rev/install-sh'
libdir='${exec_prefix}/lib'
libexecdir='${exec_prefix}/libexec'
localstatedir='${prefix}/var'
mandir='${prefix}/man'
mkdir_p='mkdir -p --'
oldincludedir='/usr/include'
prefix='/usr/local'
program_transform_name='s,x,x,'
sbindir='${exec_prefix}/sbin'
sharedstatedir='${prefix}/com'
sysconfdir='${prefix}/etc'
target_alias=''

## ----------- ##
## confdefs.h. ##
## ----------- ##

#define HAVE_ARPA_INET_H 1
#define HAVE_DLFCN_H 1
#define HAVE_GETHOSTBYNAME 1
#define HAVE_INET_NTOA 1
#define HAVE_INTTYPES_H 1
#define HAVE_MEMORY_H 1
#define HAVE_MEMSET 1
#define HAVE_NETDB_H 1
#define HAVE_SELECT 1
#define HAVE_SOCKET 1
#define HAVE_STDBOOL_H 1
#define HAVE_STDINT_H 1
#define HAVE_STDLIB_H 1
#define HAVE_STDLIB_H 1
#define HAVE_STRINGS_H 1
#define HAVE_STRING_H 1
#define HAVE_STRING_H 1
#define HAVE_SYS_SELECT_H 1
#define HAVE_SYS_SOCKET_H 1
#define HAVE_SYS_SOCKET_H 1
#define HAVE_SYS_STAT_H 1
#define HAVE_SYS_TYPES_H 1
#define HAVE_UNISTD_H 1
#define HAVE_UNISTD_H 1
#define HAVE__BOOL 1
#define PACKAGE "voidserver"
#define PACKAGE_BUGREPORT ""
#define PACKAGE_NAME ""
#define PACKAGE_STRING ""
#define PACKAGE_TARNAME ""
#define PACKAGE_VERSION ""
#define RETSIGTYPE void
#define SELECT_TYPE_ARG1 int
#define SELECT_TYPE_ARG234 (fd_set *)
#define SELECT_TYPE_ARG5 (struct timeval *)
#define STDC_HEADERS 1
#define STDC_HEADERS 1
#define VERSION "0.0.2.8"
#endif
#ifdef __cplusplus
extern "C" void std::exit (int) throw (); using std::exit;

configure: exit 0

## ---------------------- ##
## Running config.status. ##
## ---------------------- ##

This file was extended by config.status, which was
generated by GNU Autoconf 2.59.  Invocation command line was

  CONFIG_FILES    = 
  CONFIG_HEADERS  = 
  CONFIG_LINKS    = 
  CONFIG_COMMANDS = 
  $ ./config.status 

on Jennifer

config.status:714: creating Makefile
config.status:714: creating src/Makefile
config.status:714: creating src/commands/Makefile
config.status:714: creating src/commands/dock/Makefile
config.status:714: creating src/commands/computer/Makefile
config.status:714: creating src/handles/Makefile
config.status:714: creating src/socket/Makefile
config.status:714: creating src/commands/behaviors/Makefile
config.status:714: creating src/thread/Makefile
config.status:897: executing depfiles commands

## ---------------------- ##
## Running config.status. ##
## ---------------------- ##

This file was extended by config.status, which was
generated by GNU Autoconf 2.59.  Invocation command line was

  CONFIG_FILES    = 
  CONFIG_HEADERS  = 
  CONFIG_LINKS    = 
  CONFIG_COMMANDS = 
  $ ./config.status src/commands/Makefile depfiles

on Jennifer

config.status:714: creating src/commands/Makefile
config.status:897: executing depfiles commands

## ---------------------- ##
## Running config.status. ##
## ---------------------- ##

This file was extended by config.status, which was
generated by GNU Autoconf 2.59.  Invocation command line was

  CONFIG_FILES    = 
  CONFIG_HEADERS  = 
  CONFIG_LINKS    = 
  CONFIG_COMMANDS = 
  $ ./config.status src/commands/behaviors/Makefile depfiles

on Jennifer

config.status:714: creating src/commands/behaviors/Makefile
config.status:897: executing depfiles commands

## ---------------------- ##
## Running config.status. ##
## ---------------------- ##

This file was extended by config.status, which was
generated by GNU Autoconf 2.59.  Invocation command line was

  CONFIG_FILES    = 
  CONFIG_HEADERS  = 
  CONFIG_LINKS    = 
  CONFIG_COMMANDS = 
  $ ./config.status src/commands/behaviors/Makefile depfiles

on Jennifer

config.status:714: creating src/commands/behaviors/Makefile
config.status:897: executing depfiles commands

## ---------------------- ##
## Running config.status. ##
## ---------------------- ##

This file was extended by config.status, which was
generated by GNU Autoconf 2.59.  Invocation command line was

  CONFIG_FILES    = 
  CONFIG_HEADERS  = 
  CONFIG_LINKS    = 
  CONFIG_COMMANDS = 
  $ ./config.status src/commands/behaviors/Makefile depfiles

on Jennifer

config.status:714: creating src/commands/behaviors/Makefile
config.status:897: executing depfiles commands

## ---------------------- ##
## Running config.status. ##
## ---------------------- ##

This file was extended by config.status, which was
generated by GNU Autoconf 2.59.  Invocation command line was

  CONFIG_FILES    = 
  CONFIG_HEADERS  = 
  CONFIG_LINKS    = 
  CONFIG_COMMANDS = 
  $ ./config.status src/commands/behaviors/Makefile depfiles

on Jennifer

config.status:714: creating src/commands/behaviors/Makefile
config.status:897: executing depfiles commands
